  DMS.cpp
  dms_state.cpp
  dms_state_interpret.cpp
  LineParserBuilds.cpp
  LineParserMatchProcess.cpp
  LineParserParse.cpp
  string_utils.cpp
F:\VSCWorkspace\DMS\DMS\string_utils.cpp(9,45): warning C4244: 'initializing': conversion from 'double' to 'unsigned int', possible loss of data
F:\VSCWorkspace\DMS\DMS\string_utils.cpp(36,17): warning C4244: 'initializing': conversion from 'double' to 'size_t', possible loss of data
F:\VSCWorkspace\DMS\DMS\string_utils.cpp(37,16): warning C4244: 'initializing': conversion from 'double' to 'size_t', possible loss of data
F:\VSCWorkspace\DMS\DMS\string_utils.cpp(93,22): warning C4018: '<': signed/unsigned mismatch
F:\VSCWorkspace\DMS\DMS\string_utils.cpp(134,22): warning C4018: '<': signed/unsigned mismatch
F:\VSCWorkspace\DMS\DMS\string_utils.cpp(135,25): warning C4018: '<': signed/unsigned mismatch
  LineParserUtils.cpp
  number_utils.cpp
F:\VSCWorkspace\DMS\DMS\number_utils.cpp(21,21): warning C4018: '<': signed/unsigned mismatch
  utils.cpp
  value.cpp
  Generating Code...
F:\VSCWorkspace\DMS\DMS\LineParserMatchProcess.cpp(773): warning C4715: 'dms::LineParser::match_process_expression': not all control paths return a value
  DMS.vcxproj -> F:\VSCWorkspace\DMS\Debug\DMS.exe
